<?xml version="1.0" encoding="UTF-8" ?>
<testsuite tests="6" failures="0" name="org.jacoco.examples.parser.ExpressionParserTest" time="0.013" errors="0" skipped="0">
  <properties>
[...]
</properties>
  <testcase classname="org.jacoco.examples.parser.ExpressionParserTest" name="expression1" time="0.013"/>
  <testcase classname="org.jacoco.examples.parser.ExpressionParserTest" name="expression2" time="0"/>
  <testcase classname="org.jacoco.examples.parser.ExpressionParserTest" name="expression3" time="0"/>
  <testcase classname="org.jacoco.examples.parser.ExpressionParserTest" name="expression4" time="0"/>
  <testcase classname="org.jacoco.examples.parser.ExpressionParserTest" name="expression5" time="0"/>
  <testcase classname="org.jacoco.examples.parser.ExpressionParserTest" name="expression6" time="0"/>
</testsuite>